<?xml version="1.0" encoding="UTF-8"?>
<testsuite xmlns:xsi="http://www.w3.org/2001/XMLSchema-instance" xsi:noNamespaceSchemaLocation="https://maven.apache.org/surefire/maven-surefire-plugin/xsd/surefire-test-report.xsd" name="RomanNumeralTest" time="0.757" tests="3" errors="0" skipped="0" failures="0">
  <properties>
[...]
</properties>
  <testcase name="isConversionReversible" classname="fr.istic.vv.RomanNumeralTest" time="0.387"/>
  <testcase name="isStringValid" classname="fr.istic.vv.RomanNumeralTest" time="0.236"/>
  <testcase name="generatedNumbersAreValid" classname="fr.istic.vv.RomanNumeralTest" time="0.128"/>
</testsuite>