<?xml version="1.0" encoding="UTF-8"?>
<testsuite xmlns:xsi="http://www.w3.org/2001/XMLSchema-instance" xsi:noNamespaceSchemaLocation="https://maven.apache.org/surefire/maven-surefire-plugin/xsd/surefire-test-report.xsd" name="RomanNumeralTest" time="0.428" tests="5" errors="0" skipped="0" failures="0">
  <properties>
[...]
</properties>
  <testcase name="invalidRomanNumeralsAreRejected" classname="fr.istic.vv.RomanNumeralTest" time="0.085"/>
  <testcase name="convertIntToRoman" classname="fr.istic.vv.RomanNumeralTest" time="0.208"/>
  <testcase name="absoluteValueOfAllNumbersIsPositive" classname="fr.istic.vv.RomanNumeralTest" time="0.097"/>
  <testcase name="convertRomanToInt" classname="fr.istic.vv.RomanNumeralTest" time="0.019"/>
  <testcase name="validRomanNumeralsAreAccepted" classname="fr.istic.vv.RomanNumeralTest" time="0.003"/>
</testsuite>