<?xml version="1.0" encoding="UTF-8"?>
<testsuite xmlns:xsi="http://www.w3.org/2001/XMLSchema-instance" xsi:noNamespaceSchemaLocation="https://maven.apache.org/surefire/maven-surefire-plugin/xsd/surefire-test-report.xsd" name="BinaryHeapTest" time="0.638" tests="6" errors="0" skipped="0" failures="0">
  <properties>
[...]
</properties>
  <testcase name="pushIncreasesHeapSize" classname="fr.istic.vv.BinaryHeapTest" time="0.278"/>
  <testcase name="peekDoesNotChangeHeapSize" classname="fr.istic.vv.BinaryHeapTest" time="0.117"/>
  <testcase name="popReducesHeapSize" classname="fr.istic.vv.BinaryHeapTest" time="0.083"/>
  <testcase name="popReturnsMinimumElement" classname="fr.istic.vv.BinaryHeapTest" time="0.068"/>
  <testcase name="popThrowsExceptionWhenEmpty" classname="fr.istic.vv.BinaryHeapTest" time="0.042"/>
  <testcase name="absoluteValueOfAllNumbersIsPositive" classname="fr.istic.vv.BinaryHeapTest" time="0.041"/>
</testsuite>