<?xml version="1.0" encoding="UTF-8"?>
<testsuite xmlns:xsi="http://www.w3.org/2001/XMLSchema-instance" xsi:noNamespaceSchemaLocation="https://maven.apache.org/surefire/maven-surefire-plugin/xsd/surefire-test-report.xsd" name="SortingTest" time="0.498" tests="2" errors="0" skipped="0" failures="0">
  <properties>
[...]
</properties>
  <testcase name="differentSortingAlgorithmsProduceSameResult" classname="fr.istic.vv.SortingTest" time="0.374"/>
  <testcase name="absoluteValueOfAllNumbersIsPositive" classname="fr.istic.vv.SortingTest" time="0.116"/>
</testsuite>