<?xml version="1.0" encoding="UTF-8"?>
<testsuite xmlns:xsi="http://www.w3.org/2001/XMLSchema-instance" xsi:noNamespaceSchemaLocation="https://maven.apache.org/surefire/maven-surefire-plugin/xsd/surefire-test-report.xsd" name="SortingTest" time="0.121" tests="1" errors="1" skipped="0" failures="0">
  <properties>
[...]
</properties>
  <testcase name="allElementsAreInCorrectOrderAfterSorting" classname="fr.istic.vv.SortingTest" time="0.117">
    <error message="Cannot find an Arbitrary [comparators] for Parameter of type [@net.jqwik.api.ForAll(&quot;comparators&quot;) Comparator&lt;Integer&gt;]" type="net.jqwik.api.CannotFindArbitraryException"><![CDATA[net.jqwik.api.CannotFindArbitraryException: Cannot find an Arbitrary [comparators] for Parameter of type [@net.jqwik.api.ForAll("comparators") Comparator<Integer>]
]]></error>
    <system-out><![CDATA[timestamp = 2024-12-20T23:01:05.057472531, SortingTest:allElementsAreInCorrectOrderAfterSorting = 
  net.jqwik.api.CannotFindArbitraryException:
    Cannot find an Arbitrary [comparators] for Parameter of type [@net.jqwik.api.ForAll("comparators") Comparator<Integer>]

                              |-------------------jqwik-------------------
tries = 0                     | # of calls to property
checks = 0                    | # of not rejected calls
generation = AUTO             | RANDOMIZED, EXHAUSTIVE or DATA_DRIVEN
after-failure = PREVIOUS_SEED | use the previous seed
edge-cases#mode = MIXIN       | edge cases are mixed in
edge-cases#total = 0          | # of all combined edge cases
edge-cases#tried = 0          | # of edge cases tried in current run
seed = 8114037424372076843    | random seed to reproduce generated values


]]></system-out>
  </testcase>
</testsuite>