<?xml version="1.0" encoding="UTF-8"?>
<testsuite xmlns:xsi="http://www.w3.org/2001/XMLSchema-instance" xsi:noNamespaceSchemaLocation="https://maven.apache.org/surefire/maven-surefire-plugin/xsd/surefire-test-report.xsd" name="SortingTest" time="0.121" tests="1" errors="1" skipped="0" failures="0">
  <properties>
    <property name="java.specification.version" value="21"/>
    <property name="sun.jnu.encoding" value="UTF-8"/>
    <property name="java.class.path" value="/home/kenzo/Documents/M2_cours_TP/VV/VV-ISTIC-TP4/code/sorting/target/test-classes:/home/kenzo/Documents/M2_cours_TP/VV/VV-ISTIC-TP4/code/sorting/target/classes:/home/kenzo/.m2/repository/net/jqwik/jqwik/1.3.10/jqwik-1.3.10.jar:/home/kenzo/.m2/repository/org/apiguardian/apiguardian-api/1.1.0/apiguardian-api-1.1.0.jar:/home/kenzo/.m2/repository/net/jqwik/jqwik-api/1.3.10/jqwik-api-1.3.10.jar:/home/kenzo/.m2/repository/org/opentest4j/opentest4j/1.2.0/opentest4j-1.2.0.jar:/home/kenzo/.m2/repository/org/junit/platform/junit-platform-commons/1.7.0/junit-platform-commons-1.7.0.jar:/home/kenzo/.m2/repository/net/jqwik/jqwik-engine/1.3.10/jqwik-engine-1.3.10.jar:/home/kenzo/.m2/repository/org/junit/platform/junit-platform-engine/1.7.0/junit-platform-engine-1.7.0.jar:"/>
    <property name="java.vm.vendor" value="Ubuntu"/>
    <property name="sun.arch.data.model" value="64"/>
    <property name="java.vendor.url" value="https://ubuntu.com/"/>
    <property name="user.timezone" value="Europe/Paris"/>
    <property name="os.name" value="Linux"/>
    <property name="java.vm.specification.version" value="21"/>
    <property name="sun.java.launcher" value="SUN_STANDARD"/>
    <property name="user.country" value="US"/>
    <property name="sun.boot.library.path" value="/usr/lib/jvm/java-21-openjdk-amd64/lib"/>
    <property name="sun.java.command" value="/home/kenzo/Documents/M2_cours_TP/VV/VV-ISTIC-TP4/code/sorting/target/surefire/surefirebooter13562949929150942084.jar /home/kenzo/Documents/M2_cours_TP/VV/VV-ISTIC-TP4/code/sorting/target/surefire 2024-12-20T23-01-04_407-jvmRun1 surefire13019929717212484732tmp surefire_011360199399902999639tmp"/>
    <property name="jdk.debug" value="release"/>
    <property name="surefire.test.class.path" value="/home/kenzo/Documents/M2_cours_TP/VV/VV-ISTIC-TP4/code/sorting/target/test-classes:/home/kenzo/Documents/M2_cours_TP/VV/VV-ISTIC-TP4/code/sorting/target/classes:/home/kenzo/.m2/repository/net/jqwik/jqwik/1.3.10/jqwik-1.3.10.jar:/home/kenzo/.m2/repository/org/apiguardian/apiguardian-api/1.1.0/apiguardian-api-1.1.0.jar:/home/kenzo/.m2/repository/net/jqwik/jqwik-api/1.3.10/jqwik-api-1.3.10.jar:/home/kenzo/.m2/repository/org/opentest4j/opentest4j/1.2.0/opentest4j-1.2.0.jar:/home/kenzo/.m2/repository/org/junit/platform/junit-platform-commons/1.7.0/junit-platform-commons-1.7.0.jar:/home/kenzo/.m2/repository/net/jqwik/jqwik-engine/1.3.10/jqwik-engine-1.3.10.jar:/home/kenzo/.m2/repository/org/junit/platform/junit-platform-engine/1.7.0/junit-platform-engine-1.7.0.jar:"/>
    <property name="sun.cpu.endian" value="little"/>
    <property name="user.home" value="/home/kenzo"/>
    <property name="user.language" value="en"/>
    <property name="java.specification.vendor" value="Oracle Corporation"/>
    <property name="java.version.date" value="2024-10-15"/>
    <property name="java.home" value="/usr/lib/jvm/java-21-openjdk-amd64"/>
    <property name="file.separator" value="/"/>
    <property name="basedir" value="/home/kenzo/Documents/M2_cours_TP/VV/VV-ISTIC-TP4/code/sorting"/>
    <property name="java.vm.compressedOopsMode" value="Zero based"/>
    <property name="line.separator" value="&#10;"/>
    <property name="java.specification.name" value="Java Platform API Specification"/>
    <property name="java.vm.specification.vendor" value="Oracle Corporation"/>
    <property name="surefire.real.class.path" value="/home/kenzo/Documents/M2_cours_TP/VV/VV-ISTIC-TP4/code/sorting/target/surefire/surefirebooter13562949929150942084.jar"/>
    <property name="sun.management.compiler" value="HotSpot 64-Bit Tiered Compilers"/>
    <property name="java.runtime.version" value="21.0.5+11-Ubuntu-1ubuntu124.04"/>
    <property name="user.name" value="kenzo"/>
    <property name="stdout.encoding" value="UTF-8"/>
    <property name="path.separator" value=":"/>
    <property name="os.version" value="6.8.0-49-generic"/>
    <property name="java.runtime.name" value="OpenJDK Runtime Environment"/>
    <property name="file.encoding" value="UTF-8"/>
    <property name="java.vm.name" value="OpenJDK 64-Bit Server VM"/>
    <property name="localRepository" value="/home/kenzo/.m2/repository"/>
    <property name="java.vendor.url.bug" value="https://bugs.launchpad.net/ubuntu/+source/openjdk-21"/>
    <property name="java.io.tmpdir" value="/tmp"/>
    <property name="java.version" value="21.0.5"/>
    <property name="user.dir" value="/home/kenzo/Documents/M2_cours_TP/VV/VV-ISTIC-TP4/code/sorting"/>
    <property name="os.arch" value="amd64"/>
    <property name="java.vm.specification.name" value="Java Virtual Machine Specification"/>
    <property name="native.encoding" value="UTF-8"/>
    <property name="java.library.path" value="/home/kenzo/ros2_ws/install/teleop_tools_msgs/lib:/home/kenzo/ros2_ws/install/robm_interfaces/lib:/home/kenzo/ros2_ws/src/install/teleop_tools_msgs/lib:/home/kenzo/ros2_ws/src/install/robm_interfaces/lib:/opt/ros/jazzy/opt/rviz_ogre_vendor/lib:/opt/ros/jazzy/lib/x86_64-linux-gnu:/opt/ros/jazzy/opt/gz_math_vendor/lib:/opt/ros/jazzy/opt/gz_utils_vendor/lib:/opt/ros/jazzy/opt/gz_cmake_vendor/lib:/opt/ros/jazzy/lib:/usr/java/packages/lib:/usr/lib/x86_64-linux-gnu/jni:/lib/x86_64-linux-gnu:/usr/lib/x86_64-linux-gnu:/usr/lib/jni:/lib:/usr/lib"/>
    <property name="java.vm.info" value="mixed mode, sharing"/>
    <property name="stderr.encoding" value="UTF-8"/>
    <property name="java.vendor" value="Ubuntu"/>
    <property name="java.vm.version" value="21.0.5+11-Ubuntu-1ubuntu124.04"/>
    <property name="sun.io.unicode.encoding" value="UnicodeLittle"/>
    <property name="java.class.version" value="65.0"/>
  </properties>
  <testcase name="allElementsAreInCorrectOrderAfterSorting" classname="fr.istic.vv.SortingTest" time="0.117">
    <error message="Cannot find an Arbitrary [comparators] for Parameter of type [@net.jqwik.api.ForAll(&quot;comparators&quot;) Comparator&lt;Integer&gt;]" type="net.jqwik.api.CannotFindArbitraryException"><![CDATA[net.jqwik.api.CannotFindArbitraryException: Cannot find an Arbitrary [comparators] for Parameter of type [@net.jqwik.api.ForAll("comparators") Comparator<Integer>]
]]></error>
    <system-out><![CDATA[timestamp = 2024-12-20T23:01:05.057472531, SortingTest:allElementsAreInCorrectOrderAfterSorting = 
  net.jqwik.api.CannotFindArbitraryException:
    Cannot find an Arbitrary [comparators] for Parameter of type [@net.jqwik.api.ForAll("comparators") Comparator<Integer>]

                              |-------------------jqwik-------------------
tries = 0                     | # of calls to property
checks = 0                    | # of not rejected calls
generation = AUTO             | RANDOMIZED, EXHAUSTIVE or DATA_DRIVEN
after-failure = PREVIOUS_SEED | use the previous seed
edge-cases#mode = MIXIN       | edge cases are mixed in
edge-cases#total = 0          | # of all combined edge cases
edge-cases#tried = 0          | # of edge cases tried in current run
seed = 8114037424372076843    | random seed to reproduce generated values


]]></system-out>
  </testcase>
</testsuite>